<?xml version="1.0" encoding="UTF-8"?>
<testsuite xmlns:xsi="http://www.w3.org/2001/XMLSchema-instance" xsi:noNamespaceSchemaLocation="https://maven.apache.org/surefire/maven-surefire-plugin/xsd/surefire-test-report.xsd" name="banking_application.CustomerTest" time="0.047" tests="4" errors="0" skipped="0" failures="0">
  <properties>
[...]
</properties>
  <testcase name="add_new_customer_test_01" classname="banking_application.CustomerTest" time="0.047"/>
  <testcase name="add_new_customer_test_02" classname="banking_application.CustomerTest" time="0"/>
  <testcase name="add_new_customer_test_03" classname="banking_application.CustomerTest" time="0"/>
  <testcase name="add_new_customer_test_04" classname="banking_application.CustomerTest" time="0"/>
</testsuite>