<?xml version="1.0" encoding="UTF-8"?>
<testsuite xmlns:xsi="http://www.w3.org/2001/XMLSchema-instance" xsi:noNamespaceSchemaLocation="https://maven.apache.org/surefire/maven-surefire-plugin/xsd/surefire-test-report.xsd" name="Customer_BankTest" time="0.063" tests="11" errors="0" skipped="0" failures="0">
  <properties>
[...]
</properties>
  <testcase name="find_customer_and_add_account_test_01" classname="Customer_BankTest" time="0"/>
  <testcase name="find_customer_and_add_account_test_02" classname="Customer_BankTest" time="0"/>
  <testcase name="edit_other_customer_details_Other_Data_test_01" classname="Customer_BankTest" time="0"/>
  <testcase name="edit_other_customer_details_Other_Data_test_02" classname="Customer_BankTest" time="0.016"/>
  <testcase name="edit_personal_customer_details_Name_test_01" classname="Customer_BankTest" time="0"/>
  <testcase name="find_customer_test_01" classname="Customer_BankTest" time="0"/>
  <testcase name="find_customer_test_02" classname="Customer_BankTest" time="0.015"/>
  <testcase name="find_customer_and_perform_operation_deposit_withdrawal_from_account_test_01" classname="Customer_BankTest" time="0"/>
  <testcase name="find_customer_and_perform_operation_deposit_withdrawal_from_account_test_02" classname="Customer_BankTest" time="0"/>
  <testcase name="find_customers_and_make_transfers_between_customers_test_01" classname="Customer_BankTest" time="0.016"/>
  <testcase name="find_customers_and_make_transfers_between_customers_test_02" classname="Customer_BankTest" time="0.016"/>
</testsuite>